<?xml version="1.0" encoding="UTF-8"?>
<coverage generated="1687368356337" clover="3.2.0">
  <project timestamp="1687368356337" name="All files">
    <metrics statements="14" coveredstatements="14" conditionals="4" coveredconditionals="4" methods="1" coveredmethods="1" elements="19" coveredelements="19" complexity="0" loc="14" ncloc="14" packages="1" files="1" classes="1"/>
    <file name="pangram.js" path="/Users/eduard.rincon/Documents/DEV/Mentoring/mentoring/JS/Pangram/pangram.js">
      <metrics statements="14" coveredstatements="14" conditionals="4" coveredconditionals="4" methods="1" coveredmethods="1"/>
      <line num="3" count="3" type="stmt"/>
      <line num="4" count="3" type="stmt"/>
      <line num="5" count="3" type="stmt"/>
      <line num="7" count="3" type="stmt"/>
      <line num="9" count="3" type="stmt"/>
      <line num="10" count="78" type="stmt"/>
      <line num="12" count="1448" type="cond" truecount="2" falsecount="0"/>
      <line num="13" count="76" type="stmt"/>
      <line num="14" count="76" type="stmt"/>
      <line num="20" count="3" type="cond" truecount="2" falsecount="0"/>
      <line num="21" count="2" type="stmt"/>
      <line num="23" count="1" type="stmt"/>
      <line num="27" count="1" type="stmt"/>
      <line num="28" count="1" type="stmt"/>
    </file>
  </project>
</coverage>
